<?xml version="1.0" encoding="UTF-8"?>
<testng-results skipped="0" failed="0" ignored="0" total="1" passed="1">
  <reporter-output>
  </reporter-output>
  <suite name="Default suite" duration-ms="20980" started-at="2021-02-28T16:57:12Z" finished-at="2021-02-28T16:57:33Z">
    <groups>
    </groups>
    <test name="Default test" duration-ms="20980" started-at="2021-02-28T16:57:12Z" finished-at="2021-02-28T16:57:33Z">
      <class name="Testcases.Testcase1">
        <test-method status="PASS" signature="verifyTitleGoogle()[pri:0, instance:Testcases.Testcase1@4f933fd1]" name="verifyTitleGoogle" duration-ms="20946" started-at="2021-02-28T22:27:12Z" finished-at="2021-02-28T22:27:33Z">
          <reporter-output>
          </reporter-output>
        </test-method> <!-- verifyTitleGoogle -->
      </class> <!-- Testcases.Testcase1 -->
    </test> <!-- Default test -->
  </suite> <!-- Default suite -->
</testng-results>
